<?xml version="1.0" encoding="UTF-8"?>
<!-- Generated by org.testng.reporters.JUnitReportReporter -->
<testsuite skipped="0" hostname="LAPTOP-JVJ25PVM" name="org.maven.testng.TestNGProject.LaunchBrowser" tests="1" failures="0" timestamp="17 Jun 2019 14:31:42 GMT" time="65.761" errors="0">
  <testcase name="test1" time="65.761" classname="org.maven.testng.TestNGProject.LaunchBrowser"/>
</testsuite> <!-- org.maven.testng.TestNGProject.LaunchBrowser -->
